<?xml version="1.0" encoding="utf-8"?><testsuites name="pytest tests"><testsuite name="pytest" errors="0" failures="0" skipped="0" tests="13" time="5.221" timestamp="2026-03-01T10:21:02.779269+00:00" hostname="agent-env-a54705ac-b81b-4dfa-a9a2-bc66ce640ceb"><testcase classname="backend.tests.test_ai_v2_profiles.TestAIProfilesV2" name="test_profiles_returns_new_v2_fields" time="0.867" /><testcase classname="backend.tests.test_ai_v2_profiles.TestAIProfilesV2" name="test_aggressive_profile_position_range" time="0.307" /><testcase classname="backend.tests.test_ai_v2_profiles.TestAIProfilesV2" name="test_moderate_profile_position_range" time="0.320" /><testcase classname="backend.tests.test_ai_v2_profiles.TestAIProfilesV2" name="test_conservative_profile_position_range" time="0.322" /><testcase classname="backend.tests.test_ai_v2_profiles.TestAIProfilesV2" name="test_profiles_have_atr_stop_loss" time="0.353" /><testcase classname="backend.tests.test_ai_v2_profiles.TestAIPreviewV2" name="test_preview_aggressive_position_format" time="0.324" /><testcase classname="backend.tests.test_ai_v2_profiles.TestAIPreviewV2" name="test_preview_moderate_position_format" time="0.310" /><testcase classname="backend.tests.test_ai_v2_profiles.TestAIPreviewV2" name="test_preview_conservative_position_format" time="0.305" /><testcase classname="backend.tests.test_ai_v2_profiles.TestAIPreviewV2" name="test_preview_includes_atr_stop_loss" time="0.945" /><testcase classname="backend.tests.test_ai_v2_profiles.TestAIPreviewV2" name="test_preview_includes_trading_budget" time="0.310" /><testcase classname="backend.tests.test_ai_v2_profiles.TestAIPreviewV2" name="test_preview_invalid_mode_returns_400" time="0.117" /><testcase classname="backend.tests.test_ai_v2_profiles.TestRiskProfilesV2Config" name="test_aggressive_risk_config" time="0.321" /><testcase classname="backend.tests.test_ai_v2_profiles.TestRiskProfilesV2Config" name="test_conservative_risk_config" time="0.304" /></testsuite></testsuites>