<?xml version="1.0" encoding="utf-8"?><testsuites name="pytest tests"><testsuite name="pytest" errors="0" failures="0" skipped="0" tests="15" time="2.228" timestamp="2026-03-01T07:31:55.928363+00:00" hostname="agent-env-551b3944-a1b0-45f5-b813-69c0647d8e0b"><testcase classname="tests.test_trading_bot.TestHealthAndBasics" name="test_api_health" time="0.158" /><testcase classname="tests.test_trading_bot.TestAuthentication" name="test_login_success" time="0.339" /><testcase classname="tests.test_trading_bot.TestAuthentication" name="test_login_invalid_credentials" time="0.097" /><testcase classname="tests.test_trading_bot.TestBotStatus" name="test_get_status" time="0.099" /><testcase classname="tests.test_trading_bot.TestMexcKeysStatus" name="test_mexc_keys_status_returns_connected_false_for_invalid_keys" time="0.369" /><testcase classname="tests.test_trading_bot.TestAIProfiles" name="test_get_ai_profiles" time="0.108" /><testcase classname="tests.test_trading_bot.TestAIProfiles" name="test_preview_ai_mode_conservative" time="0.109" /><testcase classname="tests.test_trading_bot.TestAIProfiles" name="test_preview_ai_mode_moderate" time="0.100" /><testcase classname="tests.test_trading_bot.TestAIProfiles" name="test_preview_ai_mode_aggressive" time="0.116" /><testcase classname="tests.test_trading_bot.TestAIProfiles" name="test_preview_ai_mode_invalid" time="0.104" /><testcase classname="tests.test_trading_bot.TestSettings" name="test_get_settings" time="0.109" /><testcase classname="tests.test_trading_bot.TestLogs" name="test_get_logs" time="0.115" /><testcase classname="tests.test_trading_bot.TestMarketData" name="test_get_top_pairs" time="0.098" /><testcase classname="tests.test_trading_bot.TestTrades" name="test_get_trades_history" time="0.112" /><testcase classname="tests.test_trading_bot.TestMetrics" name="test_get_daily_pnl" time="0.103" /></testsuite></testsuites>