<?xml version="1.0" encoding="utf-8"?><testsuites name="pytest tests"><testsuite name="pytest" errors="3" failures="0" skipped="0" tests="11" time="3.863" timestamp="2026-03-01T07:31:12.590249+00:00" hostname="agent-env-551b3944-a1b0-45f5-b813-69c0647d8e0b"><testcase classname="tests.test_trading_bot.TestHealthAndBasics" name="test_api_health" time="0.181" /><testcase classname="tests.test_trading_bot.TestAuthentication" name="test_login_success" time="0.412" /><testcase classname="tests.test_trading_bot.TestAuthentication" name="test_login_invalid_credentials" time="0.154" /><testcase classname="tests.test_trading_bot.TestBotStatus" name="test_get_status" time="0.536" /><testcase classname="tests.test_trading_bot.TestMexcKeysStatus" name="test_mexc_keys_status_returns_connected_false_for_invalid_keys" time="0.732" /><testcase classname="tests.test_trading_bot.TestAIProfiles" name="test_get_ai_profiles" time="0.441" /><testcase classname="tests.test_trading_bot.TestAIProfiles" name="test_preview_ai_mode_conservative" time="0.469" /><testcase classname="tests.test_trading_bot.TestAIProfiles" name="test_preview_ai_mode_invalid" time="0.446" /><testcase classname="tests.test_trading_bot.TestSettings" name="test_get_settings" time="0.142"><error message="failed on setup with &quot;AssertionError: Login failed: {&quot;error&quot;:&quot;Rate limit exceeded: 5 per 1 minute&quot;}&#10;assert 429 == 200&#10; +  where 429 = &lt;Response [429]&gt;.status_code&quot;">tests/test_trading_bot.py:249: in auth_token
    assert response.status_code == 200, f"Login failed: {response.text}"
E   AssertionError: Login failed: {"error":"Rate limit exceeded: 5 per 1 minute"}
E   assert 429 == 200
E    +  where 429 = &lt;Response [429]&gt;.status_code</error></testcase><testcase classname="tests.test_trading_bot.TestLogs" name="test_get_logs" time="0.098"><error message="failed on setup with &quot;AssertionError: Login failed: {&quot;error&quot;:&quot;Rate limit exceeded: 5 per 1 minute&quot;}&#10;assert 429 == 200&#10; +  where 429 = &lt;Response [429]&gt;.status_code&quot;">tests/test_trading_bot.py:282: in auth_token
    assert response.status_code == 200, f"Login failed: {response.text}"
E   AssertionError: Login failed: {"error":"Rate limit exceeded: 5 per 1 minute"}
E   assert 429 == 200
E    +  where 429 = &lt;Response [429]&gt;.status_code</error></testcase><testcase classname="tests.test_trading_bot.TestMarketData" name="test_get_top_pairs" time="0.101"><error message="failed on setup with &quot;AssertionError: Login failed: {&quot;error&quot;:&quot;Rate limit exceeded: 5 per 1 minute&quot;}&#10;assert 429 == 200&#10; +  where 429 = &lt;Response [429]&gt;.status_code&quot;">tests/test_trading_bot.py:307: in auth_token
    assert response.status_code == 200, f"Login failed: {response.text}"
E   AssertionError: Login failed: {"error":"Rate limit exceeded: 5 per 1 minute"}
E   assert 429 == 200
E    +  where 429 = &lt;Response [429]&gt;.status_code</error></testcase></testsuite></testsuites>