<?xml version="1.0" encoding="utf-8"?><testsuites name="pytest tests"><testsuite name="pytest" errors="0" failures="0" skipped="0" tests="23" time="2.773" timestamp="2026-03-06T02:15:37.441920+00:00" hostname="agent-env-6e430ef8-6b16-409f-aba1-7036a800594f"><testcase classname="backend.tests.test_rl_trading_stats.TestRLTradingStatsAuth" name="test_endpoint_requires_auth" time="0.242" /><testcase classname="backend.tests.test_rl_trading_stats.TestRLTradingStatsStructure" name="test_trading_stats_hours_1_status_code" time="0.520" /><testcase classname="backend.tests.test_rl_trading_stats.TestRLTradingStatsStructure" name="test_trading_stats_hours_1_period" time="0.066" /><testcase classname="backend.tests.test_rl_trading_stats.TestRLTradingStatsStructure" name="test_trading_stats_hours_6_status_code" time="0.105" /><testcase classname="backend.tests.test_rl_trading_stats.TestRLTradingStatsStructure" name="test_trading_stats_hours_6_period" time="0.070" /><testcase classname="backend.tests.test_rl_trading_stats.TestRLTradingStatsStructure" name="test_trading_stats_hours_24_status_code" time="0.066" /><testcase classname="backend.tests.test_rl_trading_stats.TestRLTradingStatsStructure" name="test_trading_stats_hours_24_period" time="0.062" /><testcase classname="backend.tests.test_rl_trading_stats.TestRLTradingStatsStructure" name="test_response_contains_hold_stats" time="0.054" /><testcase classname="backend.tests.test_rl_trading_stats.TestRLTradingStatsStructure" name="test_response_contains_pnl_stats" time="0.060" /><testcase classname="backend.tests.test_rl_trading_stats.TestRLTradingStatsStructure" name="test_response_contains_fee_stats" time="0.057" /><testcase classname="backend.tests.test_rl_trading_stats.TestRLTradingStatsStructure" name="test_fee_ratio_calculation_documented" time="0.070" /><testcase classname="backend.tests.test_rl_trading_stats.TestRLTradingStatsStructure" name="test_response_contains_sell_sources" time="0.066" /><testcase classname="backend.tests.test_rl_trading_stats.TestRLTradingStatsStructure" name="test_response_contains_trade_counts" time="0.068" /><testcase classname="backend.tests.test_rl_trading_stats.TestRLTradingStatsStructure" name="test_response_contains_performance" time="0.054" /><testcase classname="backend.tests.test_rl_trading_stats.TestRLTradingStatsStructure" name="test_response_contains_rl_metrics" time="0.062" /><testcase classname="backend.tests.test_rl_trading_stats.TestRLTradingStatsStructure" name="test_response_contains_health" time="0.056" /><testcase classname="backend.tests.test_rl_trading_stats.TestRLTradingStatsStructure" name="test_health_status_valid_values" time="0.055" /><testcase classname="backend.tests.test_rl_trading_stats.TestRLTradingStatsStructure" name="test_no_data_returns_warning_status" time="0.060" /><testcase classname="backend.tests.test_rl_trading_stats.TestRLTradingStatsStructure" name="test_no_data_returns_zero_values" time="0.052" /><testcase classname="backend.tests.test_rl_trading_stats.TestRLTradingStatsStructure" name="test_default_hours_parameter" time="0.067" /><testcase classname="backend.tests.test_rl_trading_stats.TestRLTradingStatsDataTypes" name="test_numeric_fields_are_numbers" time="0.550" /><testcase classname="backend.tests.test_rl_trading_stats.TestRLTradingStatsDataTypes" name="test_formatted_fields_are_strings" time="0.056" /><testcase classname="backend.tests.test_rl_trading_stats.TestRLTradingStatsDataTypes" name="test_health_reasons_is_list_of_strings" time="0.066" /></testsuite></testsuites>